<?xml version="1.0" encoding="UTF-8"?>
<!-- Generated by org.testng.reporters.JUnitReportReporter -->
<testsuite skipped="0" hostname="LAPTOP-Q7E05486" name="com.mt.app.tests.MarqueryTourTest" tests="2" failures="0" timestamp="2021-10-21T21:47:03 IST" time="14.044" errors="0">
  <testcase name="Registarion" time="7.388" classname="com.mt.app.tests.MarqueryTourTest"/>
  <system-out/>
  <testcase name="loginDemo" time="6.656" classname="com.mt.app.tests.MarqueryTourTest"/>
  <system-out/>
</testsuite> <!-- com.mt.app.tests.MarqueryTourTest -->
